command: /usr/bin/python /home/arigo/pypysrc/pypy/tool/alarm.py 900 /home/arigo/pypysrc/pypy/interpreter/py.py --oldstyle /home/arigo/pypysrc/lib-python-2.3.4/test/test_xmlrpc.py
run by: arigo@tismerysoft.de
sys.platform: linux2
sys.version_info: (2, 3, 5, 'final', 0)
startdate: Wed Apr 27 17:50:34 2005
pypy-revision: 11518
============================================================
faking <type 'unicode'>
faking <type 'module'>
faking <type 'file'>
faking <type 'posix.stat_result'>
faking <type 'posix.statvfs_result'>
faking <type '_sre.SRE_Pattern'>
faking <type 'function'>
faking <type 'instancemethod'>
/home/arigo/pypysrc/lib-python-2.3.4/xmllib.py:9: DeprecationWarning: The xmllib module is obsolete.  Use xml.sax instead.
  warnings.warn("The xmllib module is obsolete.  Use xml.sax instead.", DeprecationWarning)
Traceback (application-level):
  File "/home/arigo/pypysrc/lib-python-2.3.4/test/test_xmlrpc.py", line 45 in ?
    test_main()
  File "/home/arigo/pypysrc/lib-python-2.3.4/test/test_xmlrpc.py", line 41 in test_main
    test_support.run_unittest(XMLRPCTestCase)
  File "/home/arigo/pypysrc/lib-python-2.3.4/test/test_support.py", line 262 in run_unittest
    run_suite(suite, testclass)
  File "/home/arigo/pypysrc/lib-python-2.3.4/test/test_support.py", line 246 in run_suite
            raise TestFailed(msg)
TestFailed: errors occurred in __main__.XMLRPCTestCase
test_dump_bad_dict (__main__.XMLRPCTestCase) ... ok
test_dump_big_int (__main__.XMLRPCTestCase) ... ok
test_dump_big_long (__main__.XMLRPCTestCase) ... ok
test_dump_load (__main__.XMLRPCTestCase) ... ERROR
test_dump_none (__main__.XMLRPCTestCase) ... ERROR

======================================================================
ERROR: test_dump_load (__main__.XMLRPCTestCase)
----------------------------------------------------------------------
Traceback (most recent call last):
  File "/home/arigo/pypysrc/lib-python-2.3.4/test/test_xmlrpc.py", line 19, in test_dump_load
    xmlrpclib.loads(xmlrpclib.dumps((alist,)))[0][0])
  File "/home/arigo/pypysrc/lib-python-2.3.4/xmlrpclib.py", line 1011, in loads
    p, u = getparser()
  File "/home/arigo/pypysrc/lib-python-2.3.4/xmlrpclib.py", line 906, in getparser
    parser = SlowParser(target)
  File "/home/arigo/pypysrc/lib-python-2.3.4/xmlrpclib.py", line 539, in __init__
    import xmllib # lazy subclassing (!)
  File "/home/arigo/pypysrc/lib-python-2.3.4/xmllib.py", line 39, in ?
    starttagmatch = re.compile('<(?P<tagname>'+_Name+')'
AttributeError: 'SRE_Pattern' object has no attribute 'pattern'

======================================================================
ERROR: test_dump_none (__main__.XMLRPCTestCase)
----------------------------------------------------------------------
Traceback (most recent call last):
  File "/home/arigo/pypysrc/lib-python-2.3.4/test/test_xmlrpc.py", line 37, in test_dump_none
    xmlrpclib.loads(strg)[0][0])
  File "/home/arigo/pypysrc/lib-python-2.3.4/xmlrpclib.py", line 1011, in loads
    p, u = getparser()
  File "/home/arigo/pypysrc/lib-python-2.3.4/xmlrpclib.py", line 906, in getparser
    parser = SlowParser(target)
  File "/home/arigo/pypysrc/lib-python-2.3.4/xmlrpclib.py", line 540, in __init__
    if xmllib.XMLParser not in SlowParser.__bases__:
AttributeError: 'module' object has no attribute 'XMLParser'

----------------------------------------------------------------------
Ran 5 tests in 132.970s

FAILED (errors=2)
========================== closed ==========================
execution time: 148.402704954 seconds
exit status: 1
