command: /usr/bin/python /u/pedronis/PyPy/dist/pypy/tool/alarm.py 900 /u/pedronis/PyPy/dist/pypy/interpreter/py.py --oldstyle /u/pedronis/PyPy/dist/lib-python-2.3.4/test/test___all__.py
run by: pedronis@ratthing-b246
sys.platform: linux2
sys.version_info: (2, 3, 5, 'final', 0)
startdate: Wed Apr 27 21:40:56 2005
pypy-revision: 11549
============================================================
faking <type 'unicode'>
faking <type 'module'>
faking <type 'file'>
faking <type 'posix.stat_result'>
faking <type 'posix.statvfs_result'>
faking <type '_sre.SRE_Pattern'>
faking <type 'function'>
faking <type '_socket.socket'>
faking <type 'classobj'>
faking <type 'PyCObject'>
faking <type 'instancemethod'>
faking <type '_sre.SRE_Match'>
Traceback (application-level):
  File "/u/pedronis/PyPy/dist/lib-python-2.3.4/test/test___all__.py", line 205 in ?
    test_main()
  File "/u/pedronis/PyPy/dist/lib-python-2.3.4/test/test___all__.py", line 202 in test_main
    test_support.run_unittest(AllTest)
  File "/u/pedronis/PyPy/dist/lib-python-2.3.4/test/test_support.py", line 262 in run_unittest
    run_suite(suite, testclass)
  File "/u/pedronis/PyPy/dist/lib-python-2.3.4/test/test_support.py", line 247 in run_suite
        raise TestFailed(err)
TestFailed: Traceback (most recent call last):
  File "/u/pedronis/PyPy/dist/lib-python-2.3.4/test/test___all__.py", line 144, in test_all
    self.check_all("re")
  File "/u/pedronis/PyPy/dist/lib-python-2.3.4/test/test___all__.py", line 41, in check_all
    "%s has no __all__ attribute" % modname)
  File "/u/pedronis/PyPy/dist/lib-python-2.3.4/test/test_support.py", line 180, in verify
    raise TestFailed(reason)
TestFailed: re has no __all__ attribute

test_all (__main__.AllTest) ... ERROR

======================================================================
ERROR: test_all (__main__.AllTest)
----------------------------------------------------------------------
Traceback (most recent call last):
  File "/u/pedronis/PyPy/dist/lib-python-2.3.4/test/test___all__.py", line 144, in test_all
    self.check_all("re")
  File "/u/pedronis/PyPy/dist/lib-python-2.3.4/test/test___all__.py", line 41, in check_all
    "%s has no __all__ attribute" % modname)
  File "/u/pedronis/PyPy/dist/lib-python-2.3.4/test/test_support.py", line 180, in verify
    raise TestFailed(reason)
TestFailed: re has no __all__ attribute

----------------------------------------------------------------------
Ran 1 test in 793.580s

FAILED (errors=1)
========================== closed ==========================
execution time: 821.671632051 seconds
exit status: 1
