testreport-version: 1.0
command: /usr/bin/python /home/hpk/pypy-dist/pypy/tool/alarm.py 900 /home/hpk/pypy-dist/pypy/interpreter/py.py  /home/hpk/pypy-dist/lib-python-2.3.4/test/test_isinstance.py
run by: hpk@central.merlinux.de
sys.platform: linux2
sys.version_info: (2, 3, 5, 'final', 0)
cpu model: AMD Athlon(tm) Processor
cpu mhz: 2134.402
oldstyle: no
pypy-revision: 11605
startdate: Thu Apr 28 21:02:55 2005

============================================================
faking <type 'unicode'>
faking <type 'module'>
faking <type 'file'>
faking <type 'posix.stat_result'>
faking <type 'posix.statvfs_result'>
Traceback (application-level):
  File "/home/hpk/pypy-dist/lib-python-2.3.4/test/test_isinstance.py", line 278 in ?
    test_main()
  File "/home/hpk/pypy-dist/lib-python-2.3.4/test/test_isinstance.py", line 273 in test_main
        TestIsInstanceIsSubclass
  File "/home/hpk/pypy-dist/lib-python-2.3.4/test/test_support.py", line 262 in run_unittest
    run_suite(suite, testclass)
  File "/home/hpk/pypy-dist/lib-python-2.3.4/test/test_support.py", line 246 in run_suite
            raise TestFailed(msg)
TestFailed: errors occurred; run in verbose mode for details
test_bases_raises_other_than_attribute_error (__main__.TestIsInstanceExceptions) ... ok
test_class_has_no_bases (__main__.TestIsInstanceExceptions) ... ok
test_dont_mask_non_attribute_error (__main__.TestIsInstanceExceptions) ... ok
test_mask_attribute_error (__main__.TestIsInstanceExceptions) ... ok
test_dont_mask_non_attribute_error (__main__.TestIsSubclassExceptions) ... ok
test_dont_mask_non_attribute_error_in_cls_arg (__main__.TestIsSubclassExceptions) ... ok
test_mask_attribute_error (__main__.TestIsSubclassExceptions) ... ok
test_mask_attribute_error_in_cls_arg (__main__.TestIsSubclassExceptions) ... ok
test_isinstance_abstract (__main__.TestIsInstanceIsSubclass) ... ok
test_isinstance_normal (__main__.TestIsInstanceIsSubclass) ... ok
test_isinstance_recursion_limit (__main__.TestIsInstanceIsSubclass) ... FAIL
test_subclass_abstract (__main__.TestIsInstanceIsSubclass) ... ok
test_subclass_normal (__main__.TestIsInstanceIsSubclass) ... ok
test_subclass_recursion_limit (__main__.TestIsInstanceIsSubclass) ... FAIL
test_subclass_tuple (__main__.TestIsInstanceIsSubclass) ... ok

======================================================================
FAIL: test_isinstance_recursion_limit (__main__.TestIsInstanceIsSubclass)
----------------------------------------------------------------------
Traceback (most recent call last):
  File "/home/hpk/pypy-dist/lib-python-2.3.4/test/test_isinstance.py", line 256, in test_isinstance_recursion_limit
    self.assertRaises(RuntimeError, blowstack, isinstance, '', str)
  File "/home/hpk/pypy-dist/lib-python-2.3.4/unittest.py", line 295, in failUnlessRaises
    raise self.failureException, excName
AssertionError: RuntimeError

======================================================================
FAIL: test_subclass_recursion_limit (__main__.TestIsInstanceIsSubclass)
----------------------------------------------------------------------
Traceback (most recent call last):
  File "/home/hpk/pypy-dist/lib-python-2.3.4/test/test_isinstance.py", line 251, in test_subclass_recursion_limit
    self.assertRaises(RuntimeError, blowstack, issubclass, str, str)
  File "/home/hpk/pypy-dist/lib-python-2.3.4/unittest.py", line 295, in failUnlessRaises
    raise self.failureException, excName
AssertionError: RuntimeError

----------------------------------------------------------------------
Ran 15 tests in 18.782s

FAILED (failures=2)
========================== closed ==========================
execution time: 36.8320848942 seconds
exit status: 1
