command: /usr/bin/python /home/arigo/pypysrc/pypy/tool/alarm.py 900 /home/arigo/pypysrc/pypy/interpreter/py.py --oldstyle /home/arigo/pypysrc/lib-python-2.3.4/test/test_repr.py
run by: arigo@tismerysoft.de
sys.platform: linux2
sys.version_info: (2, 3, 5, 'final', 0)
startdate: Wed Apr 27 21:22:45 2005
pypy-revision: 11518
============================================================
faking <type 'unicode'>
faking <type 'module'>
faking <type 'file'>
faking <type 'posix.stat_result'>
faking <type 'posix.statvfs_result'>
faking <type 'array.array'>
Traceback (application-level):
  File "/home/arigo/pypysrc/lib-python-2.3.4/test/test_repr.py", line 289 in ?
    test_main()
  File "/home/arigo/pypysrc/lib-python-2.3.4/test/test_repr.py", line 283 in test_main
    run_unittest(ReprTests)
  File "/home/arigo/pypysrc/lib-python-2.3.4/test/test_support.py", line 262 in run_unittest
    run_suite(suite, testclass)
  File "/home/arigo/pypysrc/lib-python-2.3.4/test/test_support.py", line 246 in run_suite
            raise TestFailed(msg)
TestFailed: errors occurred in __main__.ReprTests
test_buffer (__main__.ReprTests) ... FAIL
test_builtin_function (__main__.ReprTests) ... FAIL
test_cell (__main__.ReprTests) ... ok
test_container (__main__.ReprTests) ... ok
test_descriptors (__main__.ReprTests) ... FAIL
test_file (__main__.ReprTests) ... ok
test_instance (__main__.ReprTests) ... ok
test_lambda (__main__.ReprTests) ... FAIL
test_nesting (__main__.ReprTests) ... ok
test_numbers (__main__.ReprTests) ... ok
test_string (__main__.ReprTests) ... ok
test_xrange (__main__.ReprTests) ... FAIL

======================================================================
FAIL: test_buffer (__main__.ReprTests)
----------------------------------------------------------------------
Traceback (most recent call last):
  File "/home/arigo/pypysrc/lib-python-2.3.4/test/test_repr.py", line 150, in test_buffer
    self.failUnless(repr(x).startswith('<read-only buffer for 0x'))
  File "/home/arigo/pypysrc/lib-python-2.3.4/unittest.py", line 278, in failUnless
    if not expr: raise self.failureException, msg
AssertionError

======================================================================
FAIL: test_builtin_function (__main__.ReprTests)
----------------------------------------------------------------------
Traceback (most recent call last):
  File "/home/arigo/pypysrc/lib-python-2.3.4/test/test_repr.py", line 117, in test_builtin_function
    eq(repr(hash), '<built-in function hash>')
  File "/home/arigo/pypysrc/lib-python-2.3.4/unittest.py", line 302, in failUnlessEqual
    raise self.failureException, \
AssertionError: '<function object at 0x40be688c>' != '<built-in function hash>'

======================================================================
FAIL: test_descriptors (__main__.ReprTests)
----------------------------------------------------------------------
Traceback (most recent call last):
  File "/home/arigo/pypysrc/lib-python-2.3.4/test/test_repr.py", line 159, in test_descriptors
    eq(repr(dict.items), "<method 'items' of 'dict' objects>")
  File "/home/arigo/pypysrc/lib-python-2.3.4/unittest.py", line 302, in failUnlessEqual
    raise self.failureException, \
AssertionError: '<method object at 0x40c3fe2c>' != "<method 'items' of 'dict' objects>"

======================================================================
FAIL: test_lambda (__main__.ReprTests)
----------------------------------------------------------------------
Traceback (most recent call last):
  File "/home/arigo/pypysrc/lib-python-2.3.4/test/test_repr.py", line 110, in test_lambda
    self.failUnless(repr(lambda x: x).startswith(
  File "/home/arigo/pypysrc/lib-python-2.3.4/unittest.py", line 278, in failUnless
    if not expr: raise self.failureException, msg
AssertionError

======================================================================
FAIL: test_xrange (__main__.ReprTests)
----------------------------------------------------------------------
Traceback (most recent call last):
  File "/home/arigo/pypysrc/lib-python-2.3.4/test/test_repr.py", line 125, in test_xrange
    eq(repr(xrange(1)), 'xrange(1)')
  File "/home/arigo/pypysrc/lib-python-2.3.4/unittest.py", line 302, in failUnlessEqual
    raise self.failureException, \
AssertionError: '<xrange object at 0x40ccd38c>' != 'xrange(1)'

----------------------------------------------------------------------
Ran 12 tests in 45.660s

FAILED (failures=5)
========================== closed ==========================
execution time: 61.323084116 seconds
exit status: 1
