command: /usr/bin/python /home/arigo/pypysrc/pypy/tool/alarm.py 900 /home/arigo/pypysrc/pypy/interpreter/py.py --oldstyle /home/arigo/pypysrc/lib-python-2.3.4/test/test_pkgimport.py
run by: arigo@tismerysoft.de
sys.platform: linux2
sys.version_info: (2, 3, 5, 'final', 0)
startdate: Wed Apr 27 22:26:54 2005
pypy-revision: 11518
============================================================
faking <type 'unicode'>
faking <type 'module'>
faking <type 'file'>
faking <type 'posix.stat_result'>
faking <type 'posix.statvfs_result'>
Traceback (application-level):
  File "/home/arigo/pypysrc/lib-python-2.3.4/test/test_pkgimport.py", line 83 in ?
    test_main()
  File "/home/arigo/pypysrc/lib-python-2.3.4/test/test_pkgimport.py", line 79 in test_main
    run_unittest(TestImport)
  File "/home/arigo/pypysrc/lib-python-2.3.4/test/test_support.py", line 262 in run_unittest
    run_suite(suite, testclass)
  File "/home/arigo/pypysrc/lib-python-2.3.4/test/test_support.py", line 247 in run_suite
        raise TestFailed(err)
TestFailed: Traceback (most recent call last):
  File "/home/arigo/pypysrc/lib-python-2.3.4/test/test_pkgimport.py", line 55, in test_package_import__semantics
    self.assert_(not sys.modules.has_key(self.module_name) and
  File "/home/arigo/pypysrc/lib-python-2.3.4/unittest.py", line 278, in failUnless
    if not expr: raise self.failureException, msg
AssertionError

test_package_import__semantics (__main__.TestImport) ... FAIL

======================================================================
FAIL: test_package_import__semantics (__main__.TestImport)
----------------------------------------------------------------------
Traceback (most recent call last):
  File "/home/arigo/pypysrc/lib-python-2.3.4/test/test_pkgimport.py", line 55, in test_package_import__semantics
    self.assert_(not sys.modules.has_key(self.module_name) and
  File "/home/arigo/pypysrc/lib-python-2.3.4/unittest.py", line 278, in failUnless
    if not expr: raise self.failureException, msg
AssertionError

----------------------------------------------------------------------
Ran 1 test in 3.945s

FAILED (failures=1)
========================== closed ==========================
execution time: 13.7688610554 seconds
exit status: 1
