command: /usr/bin/python /u/pedronis/PyPy/dist/pypy/tool/alarm.py 900 /u/pedronis/PyPy/dist/pypy/interpreter/py.py --oldstyle /u/pedronis/PyPy/dist/lib-python-2.3.4/test/test_traceback.py
run by: pedronis@ratthing-b246
sys.platform: linux2
sys.version_info: (2, 3, 5, 'final', 0)
startdate: Thu Apr 28 14:54:08 2005
pypy-revision: 11549
============================================================
faking <type 'unicode'>
faking <type 'module'>
faking <type 'file'>
faking <type 'posix.stat_result'>
faking <type 'posix.statvfs_result'>
Traceback (application-level):
  File "/u/pedronis/PyPy/dist/lib-python-2.3.4/test/test_traceback.py", line 49 in ?
    test_main()
  File "/u/pedronis/PyPy/dist/lib-python-2.3.4/test/test_traceback.py", line 45 in test_main
    run_unittest(TracebackCases)
  File "/u/pedronis/PyPy/dist/lib-python-2.3.4/test/test_support.py", line 262 in run_unittest
    run_suite(suite, testclass)
  File "/u/pedronis/PyPy/dist/lib-python-2.3.4/test/test_support.py", line 246 in run_suite
            raise TestFailed(msg)
TestFailed: errors occurred in __main__.TracebackCases
test_caret (__main__.TracebackCases) ... FAIL
test_nocaret (__main__.TracebackCases) ... FAIL

======================================================================
FAIL: test_caret (__main__.TracebackCases)
----------------------------------------------------------------------
Traceback (most recent call last):
  File "/u/pedronis/PyPy/dist/lib-python-2.3.4/test/test_traceback.py", line 30, in test_caret
    self.assert_(len(err) == 4)
  File "/u/pedronis/PyPy/dist/lib-python-2.3.4/unittest.py", line 278, in failUnless
    if not expr: raise self.failureException, msg
AssertionError

======================================================================
FAIL: test_nocaret (__main__.TracebackCases)
----------------------------------------------------------------------
Traceback (most recent call last):
  File "/u/pedronis/PyPy/dist/lib-python-2.3.4/test/test_traceback.py", line 40, in test_nocaret
    self.assert_(len(err) == 3)
  File "/u/pedronis/PyPy/dist/lib-python-2.3.4/unittest.py", line 278, in failUnless
    if not expr: raise self.failureException, msg
AssertionError

----------------------------------------------------------------------
Ran 2 tests in 2.614s

FAILED (failures=2)
========================== closed ==========================
execution time: 9.74295496941 seconds
exit status: 1
